<?xml version="1.0" encoding="UTF-8"?>
<testng-results ignored="0" total="4" passed="4" failed="0" skipped="0">
  <reporter-output>
  </reporter-output>
  <suite started-at="2022-10-11T08:26:46 IST" name="Default suite" finished-at="2022-10-11T08:28:57 IST" duration-ms="131429">
    <groups>
    </groups>
    <test started-at="2022-10-11T08:26:46 IST" name="Default test" finished-at="2022-10-11T08:28:57 IST" duration-ms="131429">
      <class name="Testng">
        <test-method is-config="true" signature="beforeclass()[pri:0, instance:Testng@bd4dc25]" started-at="2022-10-11T08:26:46 IST" name="beforeclass" finished-at="2022-10-11T08:28:34 IST" duration-ms="108318" status="PASS">
          <reporter-output>
          </reporter-output>
        </test-method> <!-- beforeclass -->
        <test-method is-config="true" signature="beforeMethod()[pri:0, instance:Testng@bd4dc25]" started-at="2022-10-11T08:28:34 IST" name="beforeMethod" finished-at="2022-10-11T08:28:34 IST" duration-ms="0" status="PASS">
          <reporter-output>
          </reporter-output>
        </test-method> <!-- beforeMethod -->
        <test-method signature="verifyroombutton()[pri:0, instance:Testng@bd4dc25]" started-at="2022-10-11T08:28:34 IST" name="verifyroombutton" finished-at="2022-10-11T08:28:37 IST" duration-ms="2527" status="PASS">
          <reporter-output>
          </reporter-output>
        </test-method> <!-- verifyroombutton -->
        <test-method is-config="true" signature="afterMethod()[pri:0, instance:Testng@bd4dc25]" started-at="2022-10-11T08:28:37 IST" name="afterMethod" finished-at="2022-10-11T08:28:37 IST" duration-ms="1" status="PASS">
          <reporter-output>
          </reporter-output>
        </test-method> <!-- afterMethod -->
        <test-method is-config="true" signature="beforeMethod()[pri:0, instance:Testng@bd4dc25]" started-at="2022-10-11T08:28:37 IST" name="beforeMethod" finished-at="2022-10-11T08:28:37 IST" duration-ms="0" status="PASS">
          <reporter-output>
          </reporter-output>
        </test-method> <!-- beforeMethod -->
        <test-method signature="Verifyhelpbutton()[pri:1, instance:Testng@bd4dc25]" started-at="2022-10-11T08:28:37 IST" name="Verifyhelpbutton" finished-at="2022-10-11T08:28:49 IST" duration-ms="12430" status="PASS">
          <reporter-output>
          </reporter-output>
        </test-method> <!-- Verifyhelpbutton -->
        <test-method is-config="true" signature="afterMethod()[pri:0, instance:Testng@bd4dc25]" started-at="2022-10-11T08:28:49 IST" name="afterMethod" finished-at="2022-10-11T08:28:49 IST" duration-ms="0" status="PASS">
          <reporter-output>
          </reporter-output>
        </test-method> <!-- afterMethod -->
        <test-method is-config="true" signature="beforeMethod()[pri:0, instance:Testng@bd4dc25]" started-at="2022-10-11T08:28:49 IST" name="beforeMethod" finished-at="2022-10-11T08:28:49 IST" duration-ms="1" status="PASS">
          <reporter-output>
          </reporter-output>
        </test-method> <!-- beforeMethod -->
        <test-method signature="testc()[pri:2, instance:Testng@bd4dc25]" started-at="2022-10-11T08:28:49 IST" name="testc" finished-at="2022-10-11T08:28:50 IST" duration-ms="864" status="PASS">
          <reporter-output>
          </reporter-output>
        </test-method> <!-- testc -->
        <test-method is-config="true" signature="afterMethod()[pri:0, instance:Testng@bd4dc25]" started-at="2022-10-11T08:28:50 IST" name="afterMethod" finished-at="2022-10-11T08:28:50 IST" duration-ms="1" status="PASS">
          <reporter-output>
          </reporter-output>
        </test-method> <!-- afterMethod -->
        <test-method is-config="true" signature="beforeMethod()[pri:0, instance:Testng@bd4dc25]" started-at="2022-10-11T08:28:50 IST" name="beforeMethod" finished-at="2022-10-11T08:28:50 IST" duration-ms="1" status="PASS">
          <reporter-output>
          </reporter-output>
        </test-method> <!-- beforeMethod -->
        <test-method signature="testD()[pri:3, instance:Testng@bd4dc25]" started-at="2022-10-11T08:28:50 IST" name="testD" finished-at="2022-10-11T08:28:50 IST" duration-ms="2" status="PASS">
          <reporter-output>
          </reporter-output>
        </test-method> <!-- testD -->
        <test-method is-config="true" signature="afterMethod()[pri:0, instance:Testng@bd4dc25]" started-at="2022-10-11T08:28:50 IST" name="afterMethod" finished-at="2022-10-11T08:28:50 IST" duration-ms="0" status="PASS">
          <reporter-output>
          </reporter-output>
        </test-method> <!-- afterMethod -->
        <test-method is-config="true" signature="Afterclass()[pri:0, instance:Testng@bd4dc25]" started-at="2022-10-11T08:28:50 IST" name="Afterclass" finished-at="2022-10-11T08:28:57 IST" duration-ms="7064" status="PASS">
          <reporter-output>
          </reporter-output>
        </test-method> <!-- Afterclass -->
      </class> <!-- Testng -->
    </test> <!-- Default test -->
  </suite> <!-- Default suite -->
</testng-results>
