<?xml version="1.0" encoding="UTF-8"?>
<testng-results ignored="0" total="4" passed="4" failed="0" skipped="0">
  <reporter-output>
  </reporter-output>
  <suite started-at="2022-09-27T23:26:19 IST" name="Default suite" finished-at="2022-09-27T23:28:01 IST" duration-ms="101904">
    <groups>
    </groups>
    <test started-at="2022-09-27T23:26:19 IST" name="Default test" finished-at="2022-09-27T23:28:01 IST" duration-ms="101904">
      <class name="Testng">
        <test-method is-config="true" signature="beforeclass()[pri:0, instance:Testng@1b1426f4]" started-at="2022-09-27T23:26:19 IST" name="beforeclass" finished-at="2022-09-27T23:26:59 IST" duration-ms="39358" status="PASS">
          <reporter-output>
          </reporter-output>
        </test-method> <!-- beforeclass -->
        <test-method is-config="true" signature="beforeMethod()[pri:0, instance:Testng@1b1426f4]" started-at="2022-09-27T23:26:59 IST" name="beforeMethod" finished-at="2022-09-27T23:26:59 IST" duration-ms="1" status="PASS">
          <reporter-output>
          </reporter-output>
        </test-method> <!-- beforeMethod -->
        <test-method signature="verifyroombutton()[pri:0, instance:Testng@1b1426f4]" started-at="2022-09-27T23:26:59 IST" name="verifyroombutton" finished-at="2022-09-27T23:26:59 IST" duration-ms="575" status="PASS">
          <reporter-output>
          </reporter-output>
        </test-method> <!-- verifyroombutton -->
        <test-method is-config="true" signature="afterMethod()[pri:0, instance:Testng@1b1426f4]" started-at="2022-09-27T23:26:59 IST" name="afterMethod" finished-at="2022-09-27T23:26:59 IST" duration-ms="0" status="PASS">
          <reporter-output>
          </reporter-output>
        </test-method> <!-- afterMethod -->
        <test-method signature="Verifyhelpbutton()[pri:1, instance:Testng@1b1426f4]" started-at="2022-09-27T23:26:59 IST" name="Verifyhelpbutton" finished-at="2022-09-27T23:28:00 IST" duration-ms="60449" status="PASS">
          <reporter-output>
          </reporter-output>
        </test-method> <!-- Verifyhelpbutton -->
        <test-method is-config="true" signature="beforeMethod()[pri:0, instance:Testng@1b1426f4]" started-at="2022-09-27T23:26:59 IST" name="beforeMethod" finished-at="2022-09-27T23:26:59 IST" duration-ms="0" status="PASS">
          <reporter-output>
          </reporter-output>
        </test-method> <!-- beforeMethod -->
        <test-method is-config="true" signature="beforeMethod()[pri:0, instance:Testng@1b1426f4]" started-at="2022-09-27T23:28:00 IST" name="beforeMethod" finished-at="2022-09-27T23:28:00 IST" duration-ms="0" status="PASS">
          <reporter-output>
          </reporter-output>
        </test-method> <!-- beforeMethod -->
        <test-method signature="VerifyBackbutton()[pri:2, instance:Testng@1b1426f4]" started-at="2022-09-27T23:28:00 IST" name="VerifyBackbutton" finished-at="2022-09-27T23:28:00 IST" duration-ms="1" status="PASS">
          <reporter-output>
          </reporter-output>
        </test-method> <!-- VerifyBackbutton -->
        <test-method is-config="true" signature="afterMethod()[pri:0, instance:Testng@1b1426f4]" started-at="2022-09-27T23:28:00 IST" name="afterMethod" finished-at="2022-09-27T23:28:00 IST" duration-ms="0" status="PASS">
          <reporter-output>
          </reporter-output>
        </test-method> <!-- afterMethod -->
        <test-method is-config="true" signature="beforeMethod()[pri:0, instance:Testng@1b1426f4]" started-at="2022-09-27T23:28:00 IST" name="beforeMethod" finished-at="2022-09-27T23:28:00 IST" duration-ms="0" status="PASS">
          <reporter-output>
          </reporter-output>
        </test-method> <!-- beforeMethod -->
        <test-method is-config="true" signature="afterMethod()[pri:0, instance:Testng@1b1426f4]" started-at="2022-09-27T23:28:00 IST" name="afterMethod" finished-at="2022-09-27T23:28:00 IST" duration-ms="0" status="PASS">
          <reporter-output>
          </reporter-output>
        </test-method> <!-- afterMethod -->
        <test-method signature="testD()[pri:3, instance:Testng@1b1426f4]" started-at="2022-09-27T23:28:00 IST" name="testD" finished-at="2022-09-27T23:28:00 IST" duration-ms="1" status="PASS">
          <reporter-output>
          </reporter-output>
        </test-method> <!-- testD -->
        <test-method is-config="true" signature="afterMethod()[pri:0, instance:Testng@1b1426f4]" started-at="2022-09-27T23:28:00 IST" name="afterMethod" finished-at="2022-09-27T23:28:00 IST" duration-ms="0" status="PASS">
          <reporter-output>
          </reporter-output>
        </test-method> <!-- afterMethod -->
        <test-method is-config="true" signature="Afterclass()[pri:0, instance:Testng@1b1426f4]" started-at="2022-09-27T23:28:00 IST" name="Afterclass" finished-at="2022-09-27T23:28:01 IST" duration-ms="1475" status="PASS">
          <reporter-output>
          </reporter-output>
        </test-method> <!-- Afterclass -->
      </class> <!-- Testng -->
    </test> <!-- Default test -->
  </suite> <!-- Default suite -->
</testng-results>
