<?xml version="1.0" encoding="UTF-8"?>
<!-- Generated by org.testng.reporters.JUnitXMLReporter -->
<testsuite ignored="0" hostname="DESKTOP-FQ9F68V" failures="0" tests="4" name="Default test" time="101.904" errors="0" timestamp="2022-09-27T23:28:01 IST">
  <testcase classname="Testng" name="verifyroombutton" time="0.575"/>
  <testcase classname="Testng" name="Verifyhelpbutton" time="60.449"/>
  <testcase classname="Testng" name="VerifyBackbutton" time="0.001"/>
  <testcase classname="Testng" name="testD" time="0.001"/>
</testsuite> <!-- Default test -->
