<?xml version="1.0" encoding="UTF-8"?>
<!-- Generated by org.testng.reporters.JUnitXMLReporter -->
<testsuite ignored="0" hostname="DESKTOP-FQ9F68V" failures="0" tests="4" name="Default test" time="131.429" errors="0" timestamp="2022-10-11T08:28:59 IST">
  <testcase classname="Testng" name="verifyroombutton" time="2.527"/>
  <testcase classname="Testng" name="Verifyhelpbutton" time="12.43"/>
  <testcase classname="Testng" name="testc" time="0.864"/>
  <testcase classname="Testng" name="testD" time="0.002"/>
</testsuite> <!-- Default test -->
